Flutter crash report.
Please report a bug at https://github.com/flutter/flutter/issues.

## command

flutter run

## exception

StateError: Bad state: No element

```
#0      Stream.first.<anonymous closure> (dart:async/stream.dart:1583:9)
#1      _rootRun (dart:async/zone.dart:1391:47)
#2      _CustomZone.run (dart:async/zone.dart:1301:19)
#3      _CustomZone.runGuarded (dart:async/zone.dart:1209:7)
#4      _BufferingStreamSubscription._sendDone.sendDone (dart:async/stream_impl.dart:418:13)
#5      _BufferingStreamSubscription._sendDone (dart:async/stream_impl.dart:428:7)
#6      _BufferingStreamSubscription._close (dart:async/stream_impl.dart:317:7)
#7      _SyncBroadcastStreamController._sendDone.<anonymous closure> (dart:async/broadcast_stream_controller.dart:399:22)
#8      _BroadcastStreamController._forEachListener (dart:async/broadcast_stream_controller.dart:322:15)
#9      _SyncBroadcastStreamController._sendDone (dart:async/broadcast_stream_controller.dart:398:7)
#10     _BroadcastStreamController.close (dart:async/broadcast_stream_controller.dart:268:5)
#11     _AsBroadcastStreamController.close (dart:async/broadcast_stream_controller.dart:505:24)
#12     _rootRun (dart:async/zone.dart:1391:47)
#13     _CustomZone.run (dart:async/zone.dart:1301:19)
#14     _CustomZone.runGuarded (dart:async/zone.dart:1209:7)
#15     _BufferingStreamSubscription._sendDone.sendDone (dart:async/stream_impl.dart:418:13)
#16     _BufferingStreamSubscription._sendDone (dart:async/stream_impl.dart:428:7)
#17     _BufferingStreamSubscription._close (dart:async/stream_impl.dart:317:7)
#18     _SinkTransformerStreamSubscription._close (dart:async/stream_transformers.dart:87:11)
#19     _EventSinkWrapper.close (dart:async/stream_transformers.dart:21:11)
#20     _StringAdapterSink.close (dart:convert/string_conversion.dart:241:11)
#21     _Utf8ConversionSink.close (dart:convert/string_conversion.dart:295:20)
#22     _ErrorHandlingAsciiDecoderSink.close (dart:convert/ascii.dart:261:15)
#23     _ConverterStreamEventSink.close (dart:convert/chunked_conversion.dart:78:18)
#24     _SinkTransformerStreamSubscription._handleDone (dart:async/stream_transformers.dart:132:24)
#25     _rootRun (dart:async/zone.dart:1391:47)
#26     _CustomZone.run (dart:async/zone.dart:1301:19)
#27     _CustomZone.runGuarded (dart:async/zone.dart:1209:7)
#28     _BufferingStreamSubscription._sendDone.sendDone (dart:async/stream_impl.dart:418:13)
#29     _BufferingStreamSubscription._sendDone (dart:async/stream_impl.dart:428:7)
#30     _BufferingStreamSubscription._close (dart:async/stream_impl.dart:317:7)
#31     _SyncStreamControllerDispatch._sendDone (dart:async/stream_controller.dart:792:19)
#32     _StreamController._closeUnchecked (dart:async/stream_controller.dart:647:7)
#33     _StreamController.close (dart:async/stream_controller.dart:640:5)
#34     _Socket._onData (dart:io-patch/socket_patch.dart:2456:21)
#35     _rootRunUnary (dart:async/zone.dart:1415:13)
#36     _CustomZone.runUnary (dart:async/zone.dart:1308:19)
#37     _CustomZone.runUnaryGuarded (dart:async/zone.dart:1217:7)
#38     _BufferingStreamSubscription._sendData (dart:async/stream_impl.dart:365:11)
#39     _BufferingStreamSubscription._add (dart:async/stream_impl.dart:297:7)
#40     _SyncStreamControllerDispatch._sendData (dart:async/stream_controller.dart:784:19)
#41     _StreamController._add (dart:async/stream_controller.dart:658:7)
#42     _StreamController.add (dart:async/stream_controller.dart:606:5)
#43     new _RawSocket.<anonymous closure> (dart:io-patch/socket_patch.dart:1943:35)
#44     _NativeSocket.issueReadEvent.issue (dart:io-patch/socket_patch.dart:1372:18)
#45     _microtaskLoop (dart:async/schedule_microtask.dart:40:21)
#46     _startMicrotaskLoop (dart:async/schedule_microtask.dart:49:5)
#47     _runPendingImmediateCallback (dart:isolate-patch/isolate_patch.dart:118:13)
#48     _RawReceivePort._handleMessage (dart:isolate-patch/isolate_patch.dart:185:5)
```

## flutter doctor

```
[✓] Flutter (Channel stable, 3.22.3, on Microsoft Windows [Version 10.0.22631.4169], locale en-ID)
    • Flutter version 3.22.3 on channel stable at C:\flutter
    • Upstream repository https://github.com/flutter/flutter.git
    • Framework revision b0850beeb2 (10 weeks ago), 2024-07-16 21:43:41 -0700
    • Engine revision 235db911ba
    • Dart version 3.4.4
    • DevTools version 2.34.3

[✓] Windows Version (Installed version of Windows is version 10 or higher)

[✓] Android toolchain - develop for Android devices (Android SDK version 35.0.0)
    • Android SDK at C:\Users\widad\AppData\Local\Android\sdk
    • Platform android-35, build-tools 35.0.0
    • Java binary at: C:\Program Files\Android\Android Studio\jbr\bin\java
    • Java version OpenJDK Runtime Environment (build 17.0.11+0--11852314)
    • All Android licenses accepted.

[✓] Chrome - develop for the web
    • Chrome at C:\Program Files\Google\Chrome\Application\chrome.exe

[!] Visual Studio - develop Windows apps (Visual Studio Community 2022 17.11.4)
    • Visual Studio at C:\Program Files\Microsoft Visual Studio\2022\Community
    • Visual Studio Community 2022 version 17.11.35312.102
    ✗ Visual Studio is missing necessary components. Please re-run the Visual Studio installer for the "Desktop development with C++" workload, and include these components:
        MSVC v142 - VS 2019 C++ x64/x86 build tools
         - If there are multiple build tool versions available, install the latest
        C++ CMake tools for Windows
        Windows 10 SDK

[✓] Android Studio (version 2024.1)
    • Android Studio at C:\Program Files\Android\Android Studio
    • Flutter plugin can be installed from:
      🔨 https://plugins.jetbrains.com/plugin/9212-flutter
    • Dart plugin can be installed from:
      🔨 https://plugins.jetbrains.com/plugin/6351-dart
    • Java version OpenJDK Runtime Environment (build 17.0.11+0--11852314)

[✓] VS Code (version 1.93.1)
    • VS Code at C:\Users\widad\AppData\Local\Programs\Microsoft VS Code
    • Flutter extension version 3.96.0

[✓] Connected device (3 available)
    • Windows (desktop) • windows • windows-x64    • Microsoft Windows [Version 10.0.22631.4169]
    • Chrome (web)      • chrome  • web-javascript • Google Chrome 129.0.6668.59
    • Edge (web)        • edge    • web-javascript • Microsoft Edge 129.0.2792.52

[✓] Network resources
    • All expected network resources are available.

! Doctor found issues in 1 category.
```
